#
# There is insufficient memory for the Java Runtime Environment to continue.
# Native memory allocation (malloc) failed to allocate 1048576 bytes for AllocateHeap
# Possible reasons:
#   The system is out of physical RAM or swap space
#   The process is running with CompressedOops enabled, and the Java Heap may be blocking the growth of the native heap
# Possible solutions:
#   Reduce memory load on the system
#   Increase physical memory or swap space
#   Check if swap backing store is full
#   Decrease Java heap size (-Xmx/-Xms)
#   Decrease number of Java threads
#   Decrease Java thread stack sizes (-Xss)
#   Set larger code cache with -XX:ReservedCodeCacheSize=
#   JVM is running with Unscaled Compressed Oops mode in which the Java heap is
#     placed in the first 4GB address space. The Java Heap base address is the
#     maximum limit for the native heap growth. Please use -XX:HeapBaseMinAddress
#     to set the Java Heap base and to place the Java Heap above 4GB virtual address.
# This output file may be truncated or incomplete.
#
#  Out of Memory Error (allocation.cpp:44), pid=2072, tid=1224
#
# JRE version:  (16.0.1+9) (build )
# Java VM: Java HotSpot(TM) 64-Bit Server VM (16.0.1+9-24, mixed mode, sharing, tiered, compressed oops, compressed class ptrs, g1 gc, windows-amd64)
# No core dump will be written. Minidumps are not enabled by default on client versions of Windows
#

---------------  S U M M A R Y ------------

Command Line: -Dfile.encoding=UTF-8 --module-path=D:\Development\Netbeans\Library Management System\build\classes library.Book

Host: Intel(R) Core(TM) i3-5005U CPU @ 2.00GHz, 4 cores, 3G,  Windows 10 , 64 bit Build 18362 (10.0.18362.1500)
Time: Sun Jul 18 11:48:15 2021 India Standard Time elapsed time: 0.018534 seconds (0d 0h 0m 0s)

---------------  T H R E A D  ---------------

Current thread (0x000001a5eac1d160):  JavaThread "Unknown thread" [_thread_in_vm, id=1224, stack(0x00000069b2a00000,0x00000069b2b00000)]

Stack: [0x00000069b2a00000,0x00000069b2b00000]
Native frames: (J=compiled Java code, j=interpreted, Vv=VM code, C=native code)
V  [jvm.dll+0x6687ca]
V  [jvm.dll+0x7ca3c9]
V  [jvm.dll+0x7cbb53]
V  [jvm.dll+0x7cc1b3]
V  [jvm.dll+0x242ea5]
V  [jvm.dll+0xa8742]
V  [jvm.dll+0x2dccc4]
V  [jvm.dll+0x2d482b]
V  [jvm.dll+0x79ccb1]
V  [jvm.dll+0x360de1]
V  [jvm.dll+0x77a990]
V  [jvm.dll+0x3e55af]
V  [jvm.dll+0x3e7081]
C  [jli.dll+0x52fb]
C  [ucrtbase.dll+0x210b2]
C  [KERNEL32.DLL+0x17c24]
C  [ntdll.dll+0x6d721]


---------------  P R O C E S S  ---------------

Threads class SMR info:
_java_thread_list=0x00007ffea369cbb8, length=0, elements={
}

Java Threads: ( => current thread )

Other Threads:
  0x000001a5eac4dca0 GCTaskThread "GC Thread#0" [stack: 0x00000069b2b00000,0x00000069b2c00000] [id=8984]

[error occurred during error reporting (printing all threads), id 0xc0000005, EXCEPTION_ACCESS_VIOLATION (0xc0000005) at pc=0x00007ffea2e719b0]

VM state: not at safepoint (not fully initialized)

VM Mutex/Monitor currently owned by a thread:  ([mutex/lock_event])
[0x000001a5eac18280] Heap_lock - owner thread: 0x000001a5eac1d160

Heap address: 0x00000000c1200000, size: 1006 MB, Compressed Oops mode: 32-bit

CDS archive(s) mapped at: [0x0000000000000000-0x0000000000000000-0x0000000000000000), size 0, SharedBaseAddress: 0x0000000800000000, ArchiveRelocationMode: 0.
Narrow klass base: 0x0000000000000000, Narrow klass shift: 0, Narrow klass range: 0x0

GC Precious Log:
<Empty>

Heap:
 garbage-first heap   total 0K, used 0K [0x00000000c1200000, 0x0000000100000000)
  region size 1024K, 0 young (0K), 0 survivors (0K)

[error occurred during error reporting (printing heap information), id 0xc0000005, EXCEPTION_ACCESS_VIOLATION (0xc0000005) at pc=0x00007ffea32524ed]

GC Heap History (0 events):
No events

Deoptimization events (0 events):
No events

Classes unloaded (0 events):
No events

Classes redefined (0 events):
No events

Internal exceptions (0 events):
No events

Events (1 events):
Event: 0.012 Loaded shared library C:\Program Files\Java\jdk-16.0.1\bin\java.dll


Dynamic libraries:
0x00007ff6d2fe0000 - 0x00007ff6d2ff0000 	C:\Program Files\Java\jdk-16.0.1\bin\java.exe
0x00007ffed15e0000 - 0x00007ffed17d0000 	C:\WINDOWS\SYSTEM32\ntdll.dll
0x00007ffecf770000 - 0x00007ffecf822000 	C:\WINDOWS\System32\KERNEL32.DLL
0x00007ffece890000 - 0x00007ffeceb35000 	C:\WINDOWS\System32\KERNELBASE.dll
0x00007ffecf500000 - 0x00007ffecf5fa000 	C:\WINDOWS\System32\ucrtbase.dll
0x00007ffecc120000 - 0x00007ffecc139000 	C:\Program Files\Java\jdk-16.0.1\bin\VCRUNTIME140.dll
0x00007ffec9d40000 - 0x00007ffec9d58000 	C:\Program Files\Java\jdk-16.0.1\bin\jli.dll
0x00007ffed14e0000 - 0x00007ffed1583000 	C:\WINDOWS\System32\ADVAPI32.dll
0x00007ffed0ac0000 - 0x00007ffed0b5e000 	C:\WINDOWS\System32\msvcrt.dll
0x00007ffed13e0000 - 0x00007ffed1477000 	C:\WINDOWS\System32\sechost.dll
0x00007ffecfe00000 - 0x00007ffecff1f000 	C:\WINDOWS\System32\RPCRT4.dll
0x00007ffecfad0000 - 0x00007ffecfc64000 	C:\WINDOWS\System32\USER32.dll
0x00007ffece550000 - 0x00007ffece571000 	C:\WINDOWS\System32\win32u.dll
0x00007ffecfdc0000 - 0x00007ffecfde6000 	C:\WINDOWS\System32\GDI32.dll
0x00007ffecf360000 - 0x00007ffecf4f8000 	C:\WINDOWS\System32\gdi32full.dll
0x00007ffebc840000 - 0x00007ffebcac4000 	C:\WINDOWS\WinSxS\amd64_microsoft.windows.common-controls_6595b64144ccf1df_6.0.18362.1556_none_9e7e372fe45e41d5\COMCTL32.dll
0x00007ffecf2c0000 - 0x00007ffecf35e000 	C:\WINDOWS\System32\msvcp_win.dll
0x00007ffed0c30000 - 0x00007ffed0f66000 	C:\WINDOWS\System32\combase.dll
0x00007ffecf600000 - 0x00007ffecf681000 	C:\WINDOWS\System32\bcryptPrimitives.dll
0x00007ffec6ab0000 - 0x00007ffec6aba000 	C:\WINDOWS\SYSTEM32\VERSION.dll
0x00007ffed0a90000 - 0x00007ffed0abe000 	C:\WINDOWS\System32\IMM32.DLL
0x00007ffecad00000 - 0x00007ffecad0c000 	C:\Program Files\Java\jdk-16.0.1\bin\vcruntime140_1.dll
0x00007ffec5ed0000 - 0x00007ffec5f61000 	C:\Program Files\Java\jdk-16.0.1\bin\msvcp140.dll
0x00007ffea2b90000 - 0x00007ffea373b000 	C:\Program Files\Java\jdk-16.0.1\bin\server\jvm.dll
0x00007ffed0a80000 - 0x00007ffed0a88000 	C:\WINDOWS\System32\PSAPI.DLL
0x00007ffecc050000 - 0x00007ffecc074000 	C:\WINDOWS\SYSTEM32\WINMM.dll
0x00007ffecc020000 - 0x00007ffecc04d000 	C:\WINDOWS\SYSTEM32\WINMMBASE.dll
0x00007ffece580000 - 0x00007ffece5ca000 	C:\WINDOWS\System32\cfgmgr32.dll
0x00007ffecc0a0000 - 0x00007ffecc0a9000 	C:\WINDOWS\SYSTEM32\WSOCK32.dll
0x00007ffecfc70000 - 0x00007ffecfcdf000 	C:\WINDOWS\System32\ws2_32.DLL
0x00007ffece4c0000 - 0x00007ffece4d1000 	C:\WINDOWS\System32\kernel.appcore.dll
0x00007ffecacf0000 - 0x00007ffecacfa000 	C:\Program Files\Java\jdk-16.0.1\bin\jimage.dll
0x00007ffeb92e0000 - 0x00007ffeb94d4000 	C:\WINDOWS\SYSTEM32\DBGHELP.DLL
0x00007ffeb92b0000 - 0x00007ffeb92da000 	C:\WINDOWS\SYSTEM32\dbgcore.DLL
0x00007ffec9b40000 - 0x00007ffec9b65000 	C:\Program Files\Java\jdk-16.0.1\bin\java.dll

dbghelp: loaded successfully - version: 4.0.5 - missing functions: none
symbol engine: initialized successfully - sym options: 0x614 - pdb path: .;C:\Program Files\Java\jdk-16.0.1\bin;C:\WINDOWS\SYSTEM32;C:\WINDOWS\WinSxS\amd64_microsoft.windows.common-controls_6595b64144ccf1df_6.0.18362.1556_none_9e7e372fe45e41d5;C:\Program Files\Java\jdk-16.0.1\bin\server

VM Arguments:
jvm_args: -Dfile.encoding=UTF-8 --module-path=D:\Development\Netbeans\Library Management System\build\classes 
java_command: library.Book
java_class_path (initial): C:\oraclexe\app\oracle\product\10.2.0\server\jdbc\lib\ojdbc14.jar;C:\Program Files\Java\rs2xml.jar;D:\Development\Netbeans\Library Management System\build\classes
Launcher Type: SUN_STANDARD

[Global flags]
     intx CICompilerCount                          = 3                                         {product} {ergonomic}
     uint ConcGCThreads                            = 1                                         {product} {ergonomic}
     uint G1ConcRefinementThreads                  = 4                                         {product} {ergonomic}
   size_t G1HeapRegionSize                         = 1048576                                   {product} {ergonomic}
    uintx GCDrainStackTargetSize                   = 64                                        {product} {ergonomic}
   size_t InitialHeapSize                          = 67108864                                  {product} {ergonomic}
   size_t MarkStackSize                            = 4194304                                   {product} {ergonomic}
   size_t MaxHeapSize                              = 1054867456                                {product} {ergonomic}
   size_t MinHeapDeltaBytes                        = 1048576                                   {product} {ergonomic}
   size_t MinHeapSize                              = 8388608                                   {product} {ergonomic}
    uintx NonNMethodCodeHeapSize                   = 5832780                                {pd product} {ergonomic}
    uintx NonProfiledCodeHeapSize                  = 122912730                              {pd product} {ergonomic}
    uintx ProfiledCodeHeapSize                     = 122912730                              {pd product} {ergonomic}
    uintx ReservedCodeCacheSize                    = 251658240                              {pd product} {ergonomic}
     bool SegmentedCodeCache                       = true                                      {product} {ergonomic}
   size_t SoftMaxHeapSize                          = 1054867456                             {manageable} {ergonomic}
     bool UseCompressedClassPointers               = true                           {product lp64_product} {ergonomic}
     bool UseCompressedOops                        = true                           {product lp64_product} {ergonomic}
     bool UseG1GC                                  = true                                      {product} {ergonomic}
     bool UseLargePagesIndividualAllocation        = false                                  {pd product} {ergonomic}

Logging:
Log output configuration:
 #0: stdout all=warning uptime,level,tags
 #1: stderr all=off uptime,level,tags

Environment Variables:
PATH=C:\Program Files\Common Files\Oracle\Java\javapath;C:\oraclexe\app\oracle\product\10.2.0\server\bin;C:\Oracle\app\oracle\product\10.2.0\server\bin;C:\WINDOWS\system32;C:\WINDOWS;C:\WINDOWS\System32\Wbem;C:\WINDOWS\System32\WindowsPowerShell\v1.0\;C:\WINDOWS\System32\OpenSSH\;C:\Program Files\CodeBlocks\MinGW\bin;C:\Program Files\Java\jdk-16.0.1\bin;C:\Users\Alien\AppData\Local\Programs\Python\Python37\Scripts\;C:\Users\Alien\AppData\Local\Programs\Python\Python37\;C:\Users\Alien\AppData\Local\Microsoft\WindowsApps;C:\Users\Alien\AppData\Local\Programs\Microsoft VS Code\bin;
USERNAME=Alien
OS=Windows_NT
PROCESSOR_IDENTIFIER=Intel64 Family 6 Model 61 Stepping 4, GenuineIntel



---------------  S Y S T E M  ---------------

OS:
 Windows 10 , 64 bit Build 18362 (10.0.18362.1500)
OS uptime: 0 days 2:36 hours

CPU: total 4 (initial active 4) (2 cores per cpu, 2 threads per core) family 6 model 61 stepping 4 microcode 0x2f, cx8, cmov, fxsr, ht, mmx, 3dnowpref, sse, sse2, sse3, ssse3, sse4.1, sse4.2, popcnt, lzcnt, tsc, tscinvbit, avx, avx2, aes, erms, clmul, bmi1, bmi2, adx, fma, vzeroupper, clflush

Memory: 4k page, system-wide physical 4016M (667M free)
TotalPageFile size 4016M (AvailPageFile size 5M)
current process WorkingSet (physical memory assigned to process): 9M, peak: 9M
current process commit charge ("private bytes"): 47M, peak: 48M

vm_info: Java HotSpot(TM) 64-Bit Server VM (16.0.1+9-24) for windows-amd64 JRE (16.0.1+9-24), built on Mar 26 2021 19:31:42 by "mach5one" with MS VC++ 16.7 (VS2019)

END.
