#
# There is insufficient memory for the Java Runtime Environment to continue.
# Native memory allocation (malloc) failed to allocate 154016 bytes for Chunk::new
# Possible reasons:
#   The system is out of physical RAM or swap space
#   The process is running with CompressedOops enabled, and the Java Heap may be blocking the growth of the native heap
# Possible solutions:
#   Reduce memory load on the system
#   Increase physical memory or swap space
#   Check if swap backing store is full
#   Decrease Java heap size (-Xmx/-Xms)
#   Decrease number of Java threads
#   Decrease Java thread stack sizes (-Xss)
#   Set larger code cache with -XX:ReservedCodeCacheSize=
#   JVM is running with Unscaled Compressed Oops mode in which the Java heap is
#     placed in the first 4GB address space. The Java Heap base address is the
#     maximum limit for the native heap growth. Please use -XX:HeapBaseMinAddress
#     to set the Java Heap base and to place the Java Heap above 4GB virtual address.
# This output file may be truncated or incomplete.
#
#  Out of Memory Error (arena.cpp:195), pid=4288, tid=2728
#
# JRE version: Java(TM) SE Runtime Environment (16.0.1+9) (build 16.0.1+9-24)
# Java VM: Java HotSpot(TM) 64-Bit Server VM (16.0.1+9-24, mixed mode, sharing, tiered, compressed oops, compressed class ptrs, g1 gc, windows-amd64)
# No core dump will be written. Minidumps are not enabled by default on client versions of Windows
#

---------------  S U M M A R Y ------------

Command Line: -Dfile.encoding=UTF-8 --module-path=D:\Development\Netbeans\Library Management System\build\classes library.Login

Host: Intel(R) Core(TM) i3-5005U CPU @ 2.00GHz, 4 cores, 3G,  Windows 10 , 64 bit Build 18362 (10.0.18362.1500)
Time: Sun Jul 18 11:40:23 2021 India Standard Time elapsed time: 1.095894 seconds (0d 0h 0m 1s)

---------------  T H R E A D  ---------------

Current thread (0x0000028084aa6300):  JavaThread "C2 CompilerThread0" daemon [_thread_in_native, id=2728, stack(0x000000f6f3600000,0x000000f6f3700000)]


Current CompileTask:
C2:   1096  635       4       java.util.HashMap::resize (356 bytes)

Stack: [0x000000f6f3600000,0x000000f6f3700000]
Native frames: (J=compiled Java code, j=interpreted, Vv=VM code, C=native code)
V  [jvm.dll+0x6687ca]
V  [jvm.dll+0x7ca3c9]
V  [jvm.dll+0x7cbb53]
V  [jvm.dll+0x7cc1b3]
V  [jvm.dll+0x242ea5]
V  [jvm.dll+0xadeca]
V  [jvm.dll+0xae5ac]
V  [jvm.dll+0x2a52cf]
V  [jvm.dll+0x574359]
V  [jvm.dll+0x21eb55]
V  [jvm.dll+0x217e51]
V  [jvm.dll+0x21524c]
V  [jvm.dll+0x1a1d9b]
V  [jvm.dll+0x2253a8]
V  [jvm.dll+0x2233ec]
V  [jvm.dll+0x780002]
V  [jvm.dll+0x779b4a]
V  [jvm.dll+0x667666]
C  [ucrtbase.dll+0x210b2]
C  [KERNEL32.DLL+0x17c24]
C  [ntdll.dll+0x6d721]


---------------  P R O C E S S  ---------------

Threads class SMR info:
_java_thread_list=0x00000280a078b440, length=16, elements={
0x0000028084a937f0, 0x0000028084a955d0, 0x0000028084aa1880, 0x0000028084aa2390,
0x0000028084aa4db0, 0x0000028084aa56c0, 0x0000028084aa6300, 0x0000028084aae2b0,
0x0000028084aae810, 0x0000028084a6f3f0, 0x00000280a05f8720, 0x00000280a078c8a0,
0x00000280a078cdc0, 0x00000280a0628570, 0x00000280a07bacc0, 0x00000280849d9620
}

Java Threads: ( => current thread )
  0x0000028084a937f0 JavaThread "Reference Handler" daemon [_thread_blocked, id=2356, stack(0x000000f6f3000000,0x000000f6f3100000)]
  0x0000028084a955d0 JavaThread "Finalizer" daemon [_thread_blocked, id=1840, stack(0x000000f6f3100000,0x000000f6f3200000)]
  0x0000028084aa1880 JavaThread "Signal Dispatcher" daemon [_thread_blocked, id=3064, stack(0x000000f6f3200000,0x000000f6f3300000)]
  0x0000028084aa2390 JavaThread "Attach Listener" daemon [_thread_blocked, id=7688, stack(0x000000f6f3300000,0x000000f6f3400000)]
  0x0000028084aa4db0 JavaThread "Service Thread" daemon [_thread_blocked, id=6440, stack(0x000000f6f3400000,0x000000f6f3500000)]
  0x0000028084aa56c0 JavaThread "Monitor Deflation Thread" daemon [_thread_blocked, id=2000, stack(0x000000f6f3500000,0x000000f6f3600000)]
=>0x0000028084aa6300 JavaThread "C2 CompilerThread0" daemon [_thread_in_native, id=2728, stack(0x000000f6f3600000,0x000000f6f3700000)]
  0x0000028084aae2b0 JavaThread "C1 CompilerThread0" daemon [_thread_blocked, id=1224, stack(0x000000f6f3700000,0x000000f6f3800000)]
  0x0000028084aae810 JavaThread "Sweeper thread" daemon [_thread_blocked, id=8984, stack(0x000000f6f3800000,0x000000f6f3900000)]
  0x0000028084a6f3f0 JavaThread "Common-Cleaner" daemon [_thread_blocked, id=5376, stack(0x000000f6f3900000,0x000000f6f3a00000)]
  0x00000280a05f8720 JavaThread "Notification Thread" daemon [_thread_blocked, id=8264, stack(0x000000f6f3a00000,0x000000f6f3b00000)]
  0x00000280a078c8a0 JavaThread "Java2D Disposer" daemon [_thread_blocked, id=6832, stack(0x000000f6f3c00000,0x000000f6f3d00000)]
  0x00000280a078cdc0 JavaThread "AWT-Shutdown" [_thread_blocked, id=5356, stack(0x000000f6f3d00000,0x000000f6f3e00000)]
  0x00000280a0628570 JavaThread "AWT-Windows" daemon [_thread_in_native, id=8668, stack(0x000000f6f3e00000,0x000000f6f3f00000)]
  0x00000280a07bacc0 JavaThread "AWT-EventQueue-0" [_thread_in_native, id=2612, stack(0x000000f6f3f00000,0x000000f6f4000000)]
  0x00000280849d9620 JavaThread "DestroyJavaVM" [_thread_blocked, id=7712, stack(0x000000f6f2900000,0x000000f6f2a00000)]

Other Threads:
  0x0000028084a8f4f0 VMThread "VM Thread" [stack: 0x000000f6f2f00000,0x000000f6f3000000] [id=5276]
  0x00000280849da620 WatcherThread [stack: 0x000000f6f3b00000,0x000000f6f3c00000] [id=4768]
  0x0000028084a07640 GCTaskThread "GC Thread#0" [stack: 0x000000f6f2a00000,0x000000f6f2b00000] [id=6340]
  0x0000028084a11460 ConcurrentGCThread "G1 Main Marker" [stack: 0x000000f6f2b00000,0x000000f6f2c00000] [id=8392]
  0x0000028084a12e70 ConcurrentGCThread "G1 Conc#0" [stack: 0x000000f6f2c00000,0x000000f6f2d00000] [id=1644]
  0x0000028084a5f010 ConcurrentGCThread "G1 Refine#0" [stack: 0x000000f6f2d00000,0x000000f6f2e00000] [id=8884]
  0x0000028084a5fa20 ConcurrentGCThread "G1 Service" [stack: 0x000000f6f2e00000,0x000000f6f2f00000] [id=4260]

Threads with active compile tasks:
C2 CompilerThread0     1158  635       4       java.util.HashMap::resize (356 bytes)

VM state: not at safepoint (normal execution)

VM Mutex/Monitor currently owned by a thread: None

Heap address: 0x00000000c1200000, size: 1006 MB, Compressed Oops mode: 32-bit

CDS archive(s) mapped at: [0x0000000800000000-0x0000000800bb0000-0x0000000800bb0000), size 12255232, SharedBaseAddress: 0x0000000800000000, ArchiveRelocationMode: 0.
Compressed class space mapped at: 0x0000000800c00000-0x0000000840c00000, reserved size: 1073741824
Narrow klass base: 0x0000000800000000, Narrow klass shift: 3, Narrow klass range: 0x100000000

GC Precious Log:
 CPUs: 4 total, 4 available
 Memory: 4016M
 Large Page Support: Disabled
 NUMA Support: Disabled
 Compressed Oops: Enabled (32-bit)
 Heap Region Size: 1M
 Heap Min Capacity: 8M
 Heap Initial Capacity: 64M
 Heap Max Capacity: 1006M
 Pre-touch: Disabled
 Parallel Workers: 4
 Concurrent Workers: 1
 Concurrent Refinement Workers: 4
 Periodic GC: Disabled

Heap:
 garbage-first heap   total 65536K, used 4096K [0x00000000c1200000, 0x0000000100000000)
  region size 1024K, 5 young (5120K), 0 survivors (0K)
 Metaspace       used 6357K, committed 6464K, reserved 1056768K
  class space    used 711K, committed 768K, reserved 1048576K

Heap Regions: E=young(eden), S=young(survivor), O=old, HS=humongous(starts), HC=humongous(continues), CS=collection set, F=free, OA=open archive, CA=closed archive, TAMS=top-at-mark-start (previous, next)
|   0|0x00000000c1200000, 0x00000000c1200000, 0x00000000c1300000|  0%| F|  |TAMS 0x00000000c1200000, 0x00000000c1200000| Untracked 
|   1|0x00000000c1300000, 0x00000000c1300000, 0x00000000c1400000|  0%| F|  |TAMS 0x00000000c1300000, 0x00000000c1300000| Untracked 
|   2|0x00000000c1400000, 0x00000000c1400000, 0x00000000c1500000|  0%| F|  |TAMS 0x00000000c1400000, 0x00000000c1400000| Untracked 
|   3|0x00000000c1500000, 0x00000000c1500000, 0x00000000c1600000|  0%| F|  |TAMS 0x00000000c1500000, 0x00000000c1500000| Untracked 
|   4|0x00000000c1600000, 0x00000000c1600000, 0x00000000c1700000|  0%| F|  |TAMS 0x00000000c1600000, 0x00000000c1600000| Untracked 
|   5|0x00000000c1700000, 0x00000000c1700000, 0x00000000c1800000|  0%| F|  |TAMS 0x00000000c1700000, 0x00000000c1700000| Untracked 
|   6|0x00000000c1800000, 0x00000000c1800000, 0x00000000c1900000|  0%| F|  |TAMS 0x00000000c1800000, 0x00000000c1800000| Untracked 
|   7|0x00000000c1900000, 0x00000000c1900000, 0x00000000c1a00000|  0%| F|  |TAMS 0x00000000c1900000, 0x00000000c1900000| Untracked 
|   8|0x00000000c1a00000, 0x00000000c1a00000, 0x00000000c1b00000|  0%| F|  |TAMS 0x00000000c1a00000, 0x00000000c1a00000| Untracked 
|   9|0x00000000c1b00000, 0x00000000c1b00000, 0x00000000c1c00000|  0%| F|  |TAMS 0x00000000c1b00000, 0x00000000c1b00000| Untracked 
|  10|0x00000000c1c00000, 0x00000000c1c00000, 0x00000000c1d00000|  0%| F|  |TAMS 0x00000000c1c00000, 0x00000000c1c00000| Untracked 
|  11|0x00000000c1d00000, 0x00000000c1d00000, 0x00000000c1e00000|  0%| F|  |TAMS 0x00000000c1d00000, 0x00000000c1d00000| Untracked 
|  12|0x00000000c1e00000, 0x00000000c1e00000, 0x00000000c1f00000|  0%| F|  |TAMS 0x00000000c1e00000, 0x00000000c1e00000| Untracked 
|  13|0x00000000c1f00000, 0x00000000c1f00000, 0x00000000c2000000|  0%| F|  |TAMS 0x00000000c1f00000, 0x00000000c1f00000| Untracked 
|  14|0x00000000c2000000, 0x00000000c2000000, 0x00000000c2100000|  0%| F|  |TAMS 0x00000000c2000000, 0x00000000c2000000| Untracked 
|  15|0x00000000c2100000, 0x00000000c2100000, 0x00000000c2200000|  0%| F|  |TAMS 0x00000000c2100000, 0x00000000c2100000| Untracked 
|  16|0x00000000c2200000, 0x00000000c2200000, 0x00000000c2300000|  0%| F|  |TAMS 0x00000000c2200000, 0x00000000c2200000| Untracked 
|  17|0x00000000c2300000, 0x00000000c2300000, 0x00000000c2400000|  0%| F|  |TAMS 0x00000000c2300000, 0x00000000c2300000| Untracked 
|  18|0x00000000c2400000, 0x00000000c2400000, 0x00000000c2500000|  0%| F|  |TAMS 0x00000000c2400000, 0x00000000c2400000| Untracked 
|  19|0x00000000c2500000, 0x00000000c2500000, 0x00000000c2600000|  0%| F|  |TAMS 0x00000000c2500000, 0x00000000c2500000| Untracked 
|  20|0x00000000c2600000, 0x00000000c2600000, 0x00000000c2700000|  0%| F|  |TAMS 0x00000000c2600000, 0x00000000c2600000| Untracked 
|  21|0x00000000c2700000, 0x00000000c2700000, 0x00000000c2800000|  0%| F|  |TAMS 0x00000000c2700000, 0x00000000c2700000| Untracked 
|  22|0x00000000c2800000, 0x00000000c2800000, 0x00000000c2900000|  0%| F|  |TAMS 0x00000000c2800000, 0x00000000c2800000| Untracked 
|  23|0x00000000c2900000, 0x00000000c2900000, 0x00000000c2a00000|  0%| F|  |TAMS 0x00000000c2900000, 0x00000000c2900000| Untracked 
|  24|0x00000000c2a00000, 0x00000000c2a00000, 0x00000000c2b00000|  0%| F|  |TAMS 0x00000000c2a00000, 0x00000000c2a00000| Untracked 
|  25|0x00000000c2b00000, 0x00000000c2b00000, 0x00000000c2c00000|  0%| F|  |TAMS 0x00000000c2b00000, 0x00000000c2b00000| Untracked 
|  26|0x00000000c2c00000, 0x00000000c2c00000, 0x00000000c2d00000|  0%| F|  |TAMS 0x00000000c2c00000, 0x00000000c2c00000| Untracked 
|  27|0x00000000c2d00000, 0x00000000c2d00000, 0x00000000c2e00000|  0%| F|  |TAMS 0x00000000c2d00000, 0x00000000c2d00000| Untracked 
|  28|0x00000000c2e00000, 0x00000000c2e00000, 0x00000000c2f00000|  0%| F|  |TAMS 0x00000000c2e00000, 0x00000000c2e00000| Untracked 
|  29|0x00000000c2f00000, 0x00000000c2f00000, 0x00000000c3000000|  0%| F|  |TAMS 0x00000000c2f00000, 0x00000000c2f00000| Untracked 
|  30|0x00000000c3000000, 0x00000000c3000000, 0x00000000c3100000|  0%| F|  |TAMS 0x00000000c3000000, 0x00000000c3000000| Untracked 
|  31|0x00000000c3100000, 0x00000000c3100000, 0x00000000c3200000|  0%| F|  |TAMS 0x00000000c3100000, 0x00000000c3100000| Untracked 
|  32|0x00000000c3200000, 0x00000000c3200000, 0x00000000c3300000|  0%| F|  |TAMS 0x00000000c3200000, 0x00000000c3200000| Untracked 
|  33|0x00000000c3300000, 0x00000000c3300000, 0x00000000c3400000|  0%| F|  |TAMS 0x00000000c3300000, 0x00000000c3300000| Untracked 
|  34|0x00000000c3400000, 0x00000000c3400000, 0x00000000c3500000|  0%| F|  |TAMS 0x00000000c3400000, 0x00000000c3400000| Untracked 
|  35|0x00000000c3500000, 0x00000000c3500000, 0x00000000c3600000|  0%| F|  |TAMS 0x00000000c3500000, 0x00000000c3500000| Untracked 
|  36|0x00000000c3600000, 0x00000000c3600000, 0x00000000c3700000|  0%| F|  |TAMS 0x00000000c3600000, 0x00000000c3600000| Untracked 
|  37|0x00000000c3700000, 0x00000000c3700000, 0x00000000c3800000|  0%| F|  |TAMS 0x00000000c3700000, 0x00000000c3700000| Untracked 
|  38|0x00000000c3800000, 0x00000000c3800000, 0x00000000c3900000|  0%| F|  |TAMS 0x00000000c3800000, 0x00000000c3800000| Untracked 
|  39|0x00000000c3900000, 0x00000000c3900000, 0x00000000c3a00000|  0%| F|  |TAMS 0x00000000c3900000, 0x00000000c3900000| Untracked 
|  40|0x00000000c3a00000, 0x00000000c3a00000, 0x00000000c3b00000|  0%| F|  |TAMS 0x00000000c3a00000, 0x00000000c3a00000| Untracked 
|  41|0x00000000c3b00000, 0x00000000c3b00000, 0x00000000c3c00000|  0%| F|  |TAMS 0x00000000c3b00000, 0x00000000c3b00000| Untracked 
|  42|0x00000000c3c00000, 0x00000000c3c00000, 0x00000000c3d00000|  0%| F|  |TAMS 0x00000000c3c00000, 0x00000000c3c00000| Untracked 
|  43|0x00000000c3d00000, 0x00000000c3d00000, 0x00000000c3e00000|  0%| F|  |TAMS 0x00000000c3d00000, 0x00000000c3d00000| Untracked 
|  44|0x00000000c3e00000, 0x00000000c3e00000, 0x00000000c3f00000|  0%| F|  |TAMS 0x00000000c3e00000, 0x00000000c3e00000| Untracked 
|  45|0x00000000c3f00000, 0x00000000c3f00000, 0x00000000c4000000|  0%| F|  |TAMS 0x00000000c3f00000, 0x00000000c3f00000| Untracked 
|  46|0x00000000c4000000, 0x00000000c4000000, 0x00000000c4100000|  0%| F|  |TAMS 0x00000000c4000000, 0x00000000c4000000| Untracked 
|  47|0x00000000c4100000, 0x00000000c4100000, 0x00000000c4200000|  0%| F|  |TAMS 0x00000000c4100000, 0x00000000c4100000| Untracked 
|  48|0x00000000c4200000, 0x00000000c4200000, 0x00000000c4300000|  0%| F|  |TAMS 0x00000000c4200000, 0x00000000c4200000| Untracked 
|  49|0x00000000c4300000, 0x00000000c4300000, 0x00000000c4400000|  0%| F|  |TAMS 0x00000000c4300000, 0x00000000c4300000| Untracked 
|  50|0x00000000c4400000, 0x00000000c4400000, 0x00000000c4500000|  0%| F|  |TAMS 0x00000000c4400000, 0x00000000c4400000| Untracked 
|  51|0x00000000c4500000, 0x00000000c4500000, 0x00000000c4600000|  0%| F|  |TAMS 0x00000000c4500000, 0x00000000c4500000| Untracked 
|  52|0x00000000c4600000, 0x00000000c4600000, 0x00000000c4700000|  0%| F|  |TAMS 0x00000000c4600000, 0x00000000c4600000| Untracked 
|  53|0x00000000c4700000, 0x00000000c4700000, 0x00000000c4800000|  0%| F|  |TAMS 0x00000000c4700000, 0x00000000c4700000| Untracked 
|  54|0x00000000c4800000, 0x00000000c4800000, 0x00000000c4900000|  0%| F|  |TAMS 0x00000000c4800000, 0x00000000c4800000| Untracked 
|  55|0x00000000c4900000, 0x00000000c4900000, 0x00000000c4a00000|  0%| F|  |TAMS 0x00000000c4900000, 0x00000000c4900000| Untracked 
|  56|0x00000000c4a00000, 0x00000000c4a00000, 0x00000000c4b00000|  0%| F|  |TAMS 0x00000000c4a00000, 0x00000000c4a00000| Untracked 
|  57|0x00000000c4b00000, 0x00000000c4b00000, 0x00000000c4c00000|  0%| F|  |TAMS 0x00000000c4b00000, 0x00000000c4b00000| Untracked 
|  58|0x00000000c4c00000, 0x00000000c4c00000, 0x00000000c4d00000|  0%| F|  |TAMS 0x00000000c4c00000, 0x00000000c4c00000| Untracked 
|  59|0x00000000c4d00000, 0x00000000c4e00000, 0x00000000c4e00000|100%| E|  |TAMS 0x00000000c4d00000, 0x00000000c4d00000| Complete 
|  60|0x00000000c4e00000, 0x00000000c4f00000, 0x00000000c4f00000|100%| E|CS|TAMS 0x00000000c4e00000, 0x00000000c4e00000| Complete 
|  61|0x00000000c4f00000, 0x00000000c5000000, 0x00000000c5000000|100%| E|CS|TAMS 0x00000000c4f00000, 0x00000000c4f00000| Complete 
|  62|0x00000000c5000000, 0x00000000c5100000, 0x00000000c5100000|100%| E|CS|TAMS 0x00000000c5000000, 0x00000000c5000000| Complete 
|  63|0x00000000c5100000, 0x00000000c5200000, 0x00000000c5200000|100%| E|CS|TAMS 0x00000000c5100000, 0x00000000c5100000| Complete 

Card table byte_map: [0x000002809b350000,0x000002809b550000] _byte_map_base: 0x000002809ad47000

Marking Bits (Prev, Next): (CMBitMap*) 0x0000028084a08c50, (CMBitMap*) 0x0000028084a08c90
 Prev Bits: [0x000002809b750000, 0x000002809c708000)
 Next Bits: [0x000002809c710000, 0x000002809d6c8000)

Polling page: 0x0000028082880000

Metaspace:

Usage:
  Non-class:      5.51 MB used.
      Class:    711.63 KB used.
       Both:      6.21 MB used.

Virtual space:
  Non-class space:        8.00 MB reserved,       5.56 MB ( 70%) committed,  1 nodes.
      Class space:        1.00 GB reserved,     768.00 KB ( <1%) committed,  1 nodes.
              Both:        1.01 GB reserved,       6.31 MB ( <1%) committed. 

Chunk freelists:
   Non-Class:  2.38 MB
       Class:  3.25 MB
        Both:  5.63 MB

MaxMetaspaceSize: 17179869184.00 GB
CompressedClassSpaceSize: 1.00 GB
 - commit_granule_bytes: 65536.
 - commit_granule_words: 8192.
 - virtual_space_node_default_size: 1048576.
 - enlarge_chunks_in_place: 1.
 - new_chunks_are_fully_committed: 0.
 - uncommit_free_chunks: 1.
 - use_allocation_guard: 0.
 - handle_deallocations: 1.


Internal statistics:

num_allocs_failed_limit: 0.
num_arena_births: 92.
num_arena_deaths: 0.
num_vsnodes_births: 2.
num_vsnodes_deaths: 0.
num_space_committed: 101.
num_space_uncommitted: 0.
num_chunks_returned_to_freelist: 0.
num_chunks_taken_from_freelist: 113.
num_chunk_merges: 0.
num_chunk_splits: 68.
num_chunks_enlarged: 36.
num_purges: 0.

CodeHeap 'non-profiled nmethods': size=120000Kb used=184Kb max_used=184Kb free=119816Kb
 bounds [0x0000028093c20000, 0x0000028093e90000, 0x000002809b150000]
CodeHeap 'profiled nmethods': size=120000Kb used=920Kb max_used=920Kb free=119079Kb
 bounds [0x000002808c6f0000, 0x000002808c960000, 0x0000028093c20000]
CodeHeap 'non-nmethods': size=5760Kb used=1231Kb max_used=1238Kb free=4528Kb
 bounds [0x000002808c150000, 0x000002808c3c0000, 0x000002808c6f0000]
 total_blobs=1197 nmethods=656 adapters=454
 compilation: enabled
              stopped_count=0, restarted_count=0
 full_count=0

Compilation events (20 events):
Event: 1.046 Thread 0x0000028084aae2b0 nmethod 633 0x000002808c7ceb10 code [0x000002808c7cecc0, 0x000002808c7cee88]
Event: 1.047 Thread 0x0000028084aa6300  635       4       java.util.HashMap::resize (356 bytes)
Event: 1.048 Thread 0x0000028084aae2b0  636   !   3       jdk.internal.misc.ScopedMemoryAccess::getShortUnaligned (22 bytes)
Event: 1.049 Thread 0x0000028084aae2b0 nmethod 636 0x000002808c7cef90 code [0x000002808c7cf180, 0x000002808c7cf708]
Event: 1.049 Thread 0x0000028084aae2b0  637   !   3       jdk.internal.misc.ScopedMemoryAccess::getShortUnalignedInternal (38 bytes)
Event: 1.049 Thread 0x0000028084aae2b0 nmethod 637 0x000002808c7cf990 code [0x000002808c7cfb60, 0x000002808c7cfe98]
Event: 1.050 Thread 0x0000028084aae2b0  638       3       jdk.internal.loader.NativeLibraries$NativeLibraryImpl::find (6 bytes)
Event: 1.050 Thread 0x0000028084aae2b0 nmethod 638 0x000002808c7d0090 code [0x000002808c7d0240, 0x000002808c7d0368]
Event: 1.051 Thread 0x0000028084aae2b0  641       3       java.nio.MappedByteBuffer::limit (8 bytes)
Event: 1.051 Thread 0x0000028084aae2b0 nmethod 641 0x000002808c7d0410 code [0x000002808c7d05c0, 0x000002808c7d0768]
Event: 1.051 Thread 0x0000028084aae2b0  642       3       jdk.internal.access.SharedSecrets::getJavaLangAccess (4 bytes)
Event: 1.052 Thread 0x0000028084aae2b0 nmethod 642 0x000002808c7d0810 code [0x000002808c7d09a0, 0x000002808c7d0a98]
Event: 1.053 Thread 0x0000028084aae2b0  643   !   3       jdk.internal.misc.ScopedMemoryAccess::getCharUnaligned (22 bytes)
Event: 1.054 Thread 0x0000028084aae2b0 nmethod 643 0x000002808c7d0b10 code [0x000002808c7d0d00, 0x000002808c7d1288]
Event: 1.054 Thread 0x0000028084aae2b0  644   !   3       jdk.internal.misc.ScopedMemoryAccess::getCharUnalignedInternal (38 bytes)
Event: 1.055 Thread 0x0000028084aae2b0 nmethod 644 0x000002808c7d1510 code [0x000002808c7d16e0, 0x000002808c7d19d8]
Event: 1.055 Thread 0x0000028084aae2b0  645       3       jdk.internal.misc.Unsafe::getCharUnaligned (12 bytes)
Event: 1.055 Thread 0x0000028084aae2b0 nmethod 645 0x000002808c7d1b90 code [0x000002808c7d1d40, 0x000002808c7d1f78]
Event: 1.055 Thread 0x0000028084aae2b0  646       3       java.nio.ByteBufferAsCharBufferB::get (30 bytes)
Event: 1.060 Thread 0x0000028084aae2b0 nmethod 646 0x000002808c7d2090 code [0x000002808c7d22e0, 0x000002808c7d2ba8]

GC Heap History (0 events):
No events

Deoptimization events (4 events):
Event: 0.754 Thread 0x00000280a07bacc0 Uncommon trap: trap_request=0xffffff45 fr.pc=0x0000028093c2f694 relative=0x0000000000000894
Event: 0.754 Thread 0x00000280a07bacc0 Uncommon trap: reason=unstable_if action=reinterpret pc=0x0000028093c2f694 method=java.util.HashMap.putVal(ILjava/lang/Object;Ljava/lang/Object;ZZ)Ljava/lang/Object; @ 81 c2
Event: 0.754 Thread 0x00000280a07bacc0 DEOPT PACKING pc=0x0000028093c2f694 sp=0x000000f6f3ffdb20
Event: 0.754 Thread 0x00000280a07bacc0 DEOPT UNPACKING pc=0x000002808c19d72e sp=0x000000f6f3ffdac0 mode 2

Classes unloaded (0 events):
No events

Classes redefined (0 events):
No events

Internal exceptions (14 events):
Event: 0.219 Thread 0x00000280849d9620 Exception <a 'sun/nio/fs/WindowsException'{0x00000000c51f6b68}> (0x00000000c51f6b68) 
thrown [t:\workspace\open\src\hotspot\share\prims\jni.cpp, line 579]
Event: 0.220 Thread 0x00000280849d9620 Exception <a 'sun/nio/fs/WindowsException'{0x00000000c51f7088}> (0x00000000c51f7088) 
thrown [t:\workspace\open\src\hotspot\share\prims\jni.cpp, line 579]
Event: 0.223 Thread 0x00000280849d9620 Exception <a 'sun/nio/fs/WindowsException'{0x00000000c51f92d0}> (0x00000000c51f92d0) 
thrown [t:\workspace\open\src\hotspot\share\prims\jni.cpp, line 579]
Event: 0.393 Thread 0x00000280849d9620 Exception <a 'java/lang/NoSuchMethodError'{0x00000000c50aa0a8}: 'void java.lang.invoke.DirectMethodHandle$Holder.invokeSpecial(java.lang.Object, java.lang.Object, java.lang.Object)'> (0x00000000c50aa0a8) 
thrown [t:\workspace\open\src\hotspot\share\interpreter\linkResolver.cpp, line 790]
Event: 0.466 Thread 0x00000280849d9620 Exception <a 'java/lang/ClassNotFoundException'{0x00000000c50beed0}: sun/awt/resources/spi/awtProvider> (0x00000000c50beed0) 
thrown [t:\workspace\open\src\hotspot\share\classfile\systemDictionary.cpp, line 256]
Event: 0.569 Thread 0x00000280849d9620 Exception <a 'java/io/FileNotFoundException'{0x00000000c4f13e50}> (0x00000000c4f13e50) 
thrown [t:\workspace\open\src\hotspot\share\prims\jni.cpp, line 579]
Event: 0.588 Thread 0x00000280849d9620 Exception <a 'java/io/FileNotFoundException'{0x00000000c4f426c8}> (0x00000000c4f426c8) 
thrown [t:\workspace\open\src\hotspot\share\prims\jni.cpp, line 579]
Event: 0.589 Thread 0x00000280849d9620 Exception <a 'java/lang/NoSuchMethodError'{0x00000000c4f43a08}: 'java.lang.Object java.lang.invoke.DirectMethodHandle$Holder.invokeStatic(java.lang.Object)'> (0x00000000c4f43a08) 
thrown [t:\workspace\open\src\hotspot\share\interpreter\linkResolver.cpp, line 790]
Event: 0.660 Thread 0x00000280849d9620 Exception <a 'java/lang/NoSuchMethodError'{0x00000000c4f80920}: 'java.lang.Object java.lang.invoke.DirectMethodHandle$Holder.invokeStaticInit(java.lang.Object)'> (0x00000000c4f80920) 
thrown [t:\workspace\open\src\hotspot\share\interpreter\linkResolver.cpp, line 790]
Event: 0.782 Thread 0x00000280a07bacc0 Exception <a 'java/lang/NoSuchMethodError'{0x00000000c4e740a8}: 'java.lang.Object java.lang.invoke.DirectMethodHandle$Holder.newInvokeSpecial(java.lang.Object, java.lang.Object, java.lang.Object, java.lang.Object, java.lang.Object)'> (0x00000000c4e740a8) 
thrown [t:\workspace\open\src\hotspot\share\interpreter\linkResolver.cpp, line 790]
Event: 0.787 Thread 0x00000280a07bacc0 Exception <a 'java/lang/NoSuchMethodError'{0x00000000c4e7fb90}: 'java.lang.Object java.lang.invoke.DirectMethodHandle$Holder.invokeStatic(java.lang.Object, int, java.lang.Object, java.lang.Object, java.lang.Object, java.lang.Object)'> (0x00000000c4e7fb90) 
thrown [t:\workspace\open\src\hotspot\share\interpreter\linkResolver.cpp, line 790]
Event: 0.800 Thread 0x00000280a07bacc0 Exception <a 'java/lang/NoSuchMethodError'{0x00000000c4ea5e98}: 'java.lang.Object java.lang.invoke.DirectMethodHandle$Holder.invokeStatic(java.lang.Object, int, java.lang.Object)'> (0x00000000c4ea5e98) 
thrown [t:\workspace\open\src\hotspot\share\interpreter\linkResolver.cpp, line 790]
Event: 0.870 Thread 0x00000280a07bacc0 Exception <a 'java/lang/ClassNotFoundException'{0x00000000c4d5e910}: com/sun/swing/internal/plaf/metal/resources/spi/metalProvider> (0x00000000c4d5e910) 
thrown [t:\workspace\open\src\hotspot\share\classfile\systemDictionary.cpp, line 256]
Event: 0.872 Thread 0x00000280a07bacc0 Exception <a 'java/lang/ClassNotFoundException'{0x00000000c4d62bb8}: com/sun/swing/internal/plaf/basic/resources/spi/basicProvider> (0x00000000c4d62bb8) 
thrown [t:\workspace\open\src\hotspot\share\classfile\systemDictionary.cpp, line 256]

Events (20 events):
Event: 1.048 loading class sun/nio/cs/UTF_16$Decoder
Event: 1.048 loading class sun/nio/cs/UnicodeDecoder
Event: 1.048 loading class sun/nio/cs/UnicodeDecoder done
Event: 1.048 loading class sun/nio/cs/UTF_16$Decoder done
Event: 1.049 loading class sun/font/FileFontStrike
Event: 1.049 loading class sun/font/FileFontStrike done
Event: 1.050 loading class sun/font/FontScaler
Event: 1.050 loading class sun/font/FontScaler done
Event: 1.050 loading class sun/font/FreetypeFontScaler
Event: 1.050 loading class sun/font/FreetypeFontScaler done
Event: 1.052 loading class sun/font/TrueTypeGlyphMapper
Event: 1.052 loading class sun/font/TrueTypeGlyphMapper done
Event: 1.052 loading class sun/font/CMap
Event: 1.052 loading class sun/font/CMap done
Event: 1.052 loading class sun/font/CMap$NullCMapClass
Event: 1.052 loading class sun/font/CMap$NullCMapClass done
Event: 1.052 loading class sun/font/CMap$CMapFormat4
Event: 1.052 loading class sun/font/CMap$CMapFormat4 done
Event: 1.053 loading class java/nio/ByteBufferAsCharBufferB
Event: 1.053 loading class java/nio/ByteBufferAsCharBufferB done


Dynamic libraries:
0x00007ff6d2fe0000 - 0x00007ff6d2ff0000 	C:\Program Files\Java\jdk-16.0.1\bin\java.exe
0x00007ffed15e0000 - 0x00007ffed17d0000 	C:\WINDOWS\SYSTEM32\ntdll.dll
0x00007ffecf770000 - 0x00007ffecf822000 	C:\WINDOWS\System32\KERNEL32.DLL
0x00007ffece890000 - 0x00007ffeceb35000 	C:\WINDOWS\System32\KERNELBASE.dll
0x00007ffecf500000 - 0x00007ffecf5fa000 	C:\WINDOWS\System32\ucrtbase.dll
0x00007ffec67b0000 - 0x00007ffec67c8000 	C:\Program Files\Java\jdk-16.0.1\bin\jli.dll
0x00007ffed14e0000 - 0x00007ffed1583000 	C:\WINDOWS\System32\ADVAPI32.dll
0x00007ffed0ac0000 - 0x00007ffed0b5e000 	C:\WINDOWS\System32\msvcrt.dll
0x00007ffed13e0000 - 0x00007ffed1477000 	C:\WINDOWS\System32\sechost.dll
0x00007ffecfe00000 - 0x00007ffecff1f000 	C:\WINDOWS\System32\RPCRT4.dll
0x00007ffecfad0000 - 0x00007ffecfc64000 	C:\WINDOWS\System32\USER32.dll
0x00007ffece550000 - 0x00007ffece571000 	C:\WINDOWS\System32\win32u.dll
0x00007ffecfdc0000 - 0x00007ffecfde6000 	C:\WINDOWS\System32\GDI32.dll
0x00007ffecf360000 - 0x00007ffecf4f8000 	C:\WINDOWS\System32\gdi32full.dll
0x00007ffecf2c0000 - 0x00007ffecf35e000 	C:\WINDOWS\System32\msvcp_win.dll
0x00007ffecc120000 - 0x00007ffecc139000 	C:\Program Files\Java\jdk-16.0.1\bin\VCRUNTIME140.dll
0x00007ffebc840000 - 0x00007ffebcac4000 	C:\WINDOWS\WinSxS\amd64_microsoft.windows.common-controls_6595b64144ccf1df_6.0.18362.1556_none_9e7e372fe45e41d5\COMCTL32.dll
0x00007ffed0c30000 - 0x00007ffed0f66000 	C:\WINDOWS\System32\combase.dll
0x00007ffecf600000 - 0x00007ffecf681000 	C:\WINDOWS\System32\bcryptPrimitives.dll
0x00007ffec6ab0000 - 0x00007ffec6aba000 	C:\WINDOWS\SYSTEM32\VERSION.dll
0x00007ffed0a90000 - 0x00007ffed0abe000 	C:\WINDOWS\System32\IMM32.DLL
0x00007ffecad00000 - 0x00007ffecad0c000 	C:\Program Files\Java\jdk-16.0.1\bin\vcruntime140_1.dll
0x00007ffec5ed0000 - 0x00007ffec5f61000 	C:\Program Files\Java\jdk-16.0.1\bin\msvcp140.dll
0x00007ffea2b90000 - 0x00007ffea373b000 	C:\Program Files\Java\jdk-16.0.1\bin\server\jvm.dll
0x00007ffed0a80000 - 0x00007ffed0a88000 	C:\WINDOWS\System32\PSAPI.DLL
0x00007ffecc0a0000 - 0x00007ffecc0a9000 	C:\WINDOWS\SYSTEM32\WSOCK32.dll
0x00007ffecfc70000 - 0x00007ffecfcdf000 	C:\WINDOWS\System32\WS2_32.dll
0x00007ffecc050000 - 0x00007ffecc074000 	C:\WINDOWS\SYSTEM32\WINMM.dll
0x00007ffecc020000 - 0x00007ffecc04d000 	C:\WINDOWS\SYSTEM32\WINMMBASE.dll
0x00007ffece580000 - 0x00007ffece5ca000 	C:\WINDOWS\System32\cfgmgr32.dll
0x00007ffece4c0000 - 0x00007ffece4d1000 	C:\WINDOWS\System32\kernel.appcore.dll
0x00007ffecacf0000 - 0x00007ffecacfa000 	C:\Program Files\Java\jdk-16.0.1\bin\jimage.dll
0x00007ffeb92e0000 - 0x00007ffeb94d4000 	C:\WINDOWS\SYSTEM32\DBGHELP.DLL
0x00007ffeb92b0000 - 0x00007ffeb92da000 	C:\WINDOWS\SYSTEM32\dbgcore.DLL
0x00007ffec9b40000 - 0x00007ffec9b65000 	C:\Program Files\Java\jdk-16.0.1\bin\java.dll
0x00007ffed0060000 - 0x00007ffed0747000 	C:\WINDOWS\System32\SHELL32.dll
0x00007ffecff40000 - 0x00007ffecffe8000 	C:\WINDOWS\System32\shcore.dll
0x00007ffeceb40000 - 0x00007ffecf2bb000 	C:\WINDOWS\System32\windows.storage.dll
0x00007ffece530000 - 0x00007ffece54e000 	C:\WINDOWS\System32\profapi.dll
0x00007ffece4e0000 - 0x00007ffece52a000 	C:\WINDOWS\System32\powrprof.dll
0x00007ffece490000 - 0x00007ffece4a0000 	C:\WINDOWS\System32\UMPDC.dll
0x00007ffecfce0000 - 0x00007ffecfd32000 	C:\WINDOWS\System32\shlwapi.dll
0x00007ffece840000 - 0x00007ffece857000 	C:\WINDOWS\System32\cryptsp.dll
0x00007ffeca150000 - 0x00007ffeca169000 	C:\Program Files\Java\jdk-16.0.1\bin\net.dll
0x00007ffec7a80000 - 0x00007ffec7b7a000 	C:\WINDOWS\SYSTEM32\WINHTTP.dll
0x00007ffecdc70000 - 0x00007ffecdcd7000 	C:\WINDOWS\system32\mswsock.dll
0x00007ffec92e0000 - 0x00007ffec92f3000 	C:\Program Files\Java\jdk-16.0.1\bin\nio.dll
0x00007ffec92c0000 - 0x00007ffec92d8000 	C:\Program Files\Java\jdk-16.0.1\bin\zip.dll
0x00007ffec0e40000 - 0x00007ffec0fc0000 	C:\Program Files\Java\jdk-16.0.1\bin\awt.dll
0x00007ffed0750000 - 0x00007ffed0815000 	C:\WINDOWS\System32\OLEAUT32.dll
0x00007ffecc6d0000 - 0x00007ffecc75f000 	C:\WINDOWS\SYSTEM32\apphelp.dll
0x00007ffecc7d0000 - 0x00007ffecc869000 	C:\WINDOWS\system32\uxtheme.dll
0x00007ffecf830000 - 0x00007ffecf965000 	C:\WINDOWS\System32\MSCTF.dll
0x00007ffecf970000 - 0x00007ffecfac7000 	C:\WINDOWS\System32\ole32.dll
0x00007ffeccbf0000 - 0x00007ffeccc1d000 	C:\WINDOWS\system32\DWMAPI.DLL
0x00007ffeb25a0000 - 0x00007ffeb26f6000 	C:\WINDOWS\system32\opengl32.dll
0x00007ffeb28d0000 - 0x00007ffeb28fc000 	C:\WINDOWS\SYSTEM32\GLU32.dll
0x00007ffecd0d0000 - 0x00007ffecd0f0000 	C:\WINDOWS\SYSTEM32\dxcore.dll
0x00007ffec1a60000 - 0x00007ffec1ae9000 	C:\Program Files\Java\jdk-16.0.1\bin\freetype.dll
0x00007ffec1080000 - 0x00007ffec1176000 	C:\Program Files\Java\jdk-16.0.1\bin\harfbuzz.dll
0x00007ffec89b0000 - 0x00007ffec89c2000 	C:\Program Files\Java\jdk-16.0.1\bin\fontmanager.dll

dbghelp: loaded successfully - version: 4.0.5 - missing functions: none
symbol engine: initialized successfully - sym options: 0x614 - pdb path: .;C:\Program Files\Java\jdk-16.0.1\bin;C:\WINDOWS\SYSTEM32;C:\WINDOWS\WinSxS\amd64_microsoft.windows.common-controls_6595b64144ccf1df_6.0.18362.1556_none_9e7e372fe45e41d5;C:\Program Files\Java\jdk-16.0.1\bin\server

VM Arguments:
jvm_args: -Dfile.encoding=UTF-8 --module-path=D:\Development\Netbeans\Library Management System\build\classes 
java_command: library.Login
java_class_path (initial): C:\oraclexe\app\oracle\product\10.2.0\server\jdbc\lib\ojdbc14.jar;C:\Program Files\Java\rs2xml.jar;D:\Development\Netbeans\Library Management System\build\classes
Launcher Type: SUN_STANDARD

[Global flags]
     intx CICompilerCount                          = 3                                         {product} {ergonomic}
     uint ConcGCThreads                            = 1                                         {product} {ergonomic}
     uint G1ConcRefinementThreads                  = 4                                         {product} {ergonomic}
   size_t G1HeapRegionSize                         = 1048576                                   {product} {ergonomic}
    uintx GCDrainStackTargetSize                   = 64                                        {product} {ergonomic}
   size_t InitialHeapSize                          = 67108864                                  {product} {ergonomic}
   size_t MarkStackSize                            = 4194304                                   {product} {ergonomic}
   size_t MaxHeapSize                              = 1054867456                                {product} {ergonomic}
   size_t MaxNewSize                               = 632291328                                 {product} {ergonomic}
   size_t MinHeapDeltaBytes                        = 1048576                                   {product} {ergonomic}
   size_t MinHeapSize                              = 8388608                                   {product} {ergonomic}
    uintx NonNMethodCodeHeapSize                   = 5832780                                {pd product} {ergonomic}
    uintx NonProfiledCodeHeapSize                  = 122912730                              {pd product} {ergonomic}
    uintx ProfiledCodeHeapSize                     = 122912730                              {pd product} {ergonomic}
    uintx ReservedCodeCacheSize                    = 251658240                              {pd product} {ergonomic}
     bool SegmentedCodeCache                       = true                                      {product} {ergonomic}
   size_t SoftMaxHeapSize                          = 1054867456                             {manageable} {ergonomic}
     bool UseCompressedClassPointers               = true                           {product lp64_product} {ergonomic}
     bool UseCompressedOops                        = true                           {product lp64_product} {ergonomic}
     bool UseG1GC                                  = true                                      {product} {ergonomic}
     bool UseLargePagesIndividualAllocation        = false                                  {pd product} {ergonomic}

Logging:
Log output configuration:
 #0: stdout all=warning uptime,level,tags
 #1: stderr all=off uptime,level,tags

Environment Variables:
PATH=C:\Program Files\Common Files\Oracle\Java\javapath;C:\oraclexe\app\oracle\product\10.2.0\server\bin;C:\Oracle\app\oracle\product\10.2.0\server\bin;C:\WINDOWS\system32;C:\WINDOWS;C:\WINDOWS\System32\Wbem;C:\WINDOWS\System32\WindowsPowerShell\v1.0\;C:\WINDOWS\System32\OpenSSH\;C:\Program Files\CodeBlocks\MinGW\bin;C:\Program Files\Java\jdk-16.0.1\bin;C:\Users\Alien\AppData\Local\Programs\Python\Python37\Scripts\;C:\Users\Alien\AppData\Local\Programs\Python\Python37\;C:\Users\Alien\AppData\Local\Microsoft\WindowsApps;C:\Users\Alien\AppData\Local\Programs\Microsoft VS Code\bin;
USERNAME=Alien
OS=Windows_NT
PROCESSOR_IDENTIFIER=Intel64 Family 6 Model 61 Stepping 4, GenuineIntel



---------------  S Y S T E M  ---------------

OS:
 Windows 10 , 64 bit Build 18362 (10.0.18362.1500)
OS uptime: 0 days 2:28 hours

CPU: total 4 (initial active 4) (2 cores per cpu, 2 threads per core) family 6 model 61 stepping 4 microcode 0x2f, cx8, cmov, fxsr, ht, mmx, 3dnowpref, sse, sse2, sse3, ssse3, sse4.1, sse4.2, popcnt, lzcnt, tsc, tscinvbit, avx, avx2, aes, erms, clmul, bmi1, bmi2, adx, fma, vzeroupper, clflush

Memory: 4k page, system-wide physical 4016M (755M free)
TotalPageFile size 4016M (AvailPageFile size 11M)
current process WorkingSet (physical memory assigned to process): 48M, peak: 48M
current process commit charge ("private bytes"): 144M, peak: 144M

vm_info: Java HotSpot(TM) 64-Bit Server VM (16.0.1+9-24) for windows-amd64 JRE (16.0.1+9-24), built on Mar 26 2021 19:31:42 by "mach5one" with MS VC++ 16.7 (VS2019)

END.
