#
# There is insufficient memory for the Java Runtime Environment to continue.
# Native memory allocation (malloc) failed to allocate 32744 bytes for ChunkPool::allocate
# Possible reasons:
#   The system is out of physical RAM or swap space
#   The process is running with CompressedOops enabled, and the Java Heap may be blocking the growth of the native heap
# Possible solutions:
#   Reduce memory load on the system
#   Increase physical memory or swap space
#   Check if swap backing store is full
#   Decrease Java heap size (-Xmx/-Xms)
#   Decrease number of Java threads
#   Decrease Java thread stack sizes (-Xss)
#   Set larger code cache with -XX:ReservedCodeCacheSize=
#   JVM is running with Unscaled Compressed Oops mode in which the Java heap is
#     placed in the first 4GB address space. The Java Heap base address is the
#     maximum limit for the native heap growth. Please use -XX:HeapBaseMinAddress
#     to set the Java Heap base and to place the Java Heap above 4GB virtual address.
# This output file may be truncated or incomplete.
#
#  Out of Memory Error (arena.cpp:79), pid=9172, tid=5740
#
# JRE version: Java(TM) SE Runtime Environment (16.0.1+9) (build 16.0.1+9-24)
# Java VM: Java HotSpot(TM) 64-Bit Server VM (16.0.1+9-24, mixed mode, sharing, tiered, compressed oops, compressed class ptrs, g1 gc, windows-amd64)
# No core dump will be written. Minidumps are not enabled by default on client versions of Windows
#

---------------  S U M M A R Y ------------

Command Line: -Dfile.encoding=UTF-8 --module-path=D:\Development\Netbeans\Library Management System\build\classes library.MainLibrary

Host: Intel(R) Core(TM) i3-5005U CPU @ 2.00GHz, 4 cores, 3G,  Windows 10 , 64 bit Build 18362 (10.0.18362.1500)
Time: Sun Jul 18 11:58:59 2021 India Standard Time elapsed time: 0.353538 seconds (0d 0h 0m 0s)

---------------  T H R E A D  ---------------

Current thread (0x0000019ba496e530):  JavaThread "C1 CompilerThread0" daemon [_thread_in_native, id=5740, stack(0x0000004e5f000000,0x0000004e5f100000)]


Current CompileTask:
C1:    353  189       3       java.lang.AbstractStringBuilder::append (77 bytes)

Stack: [0x0000004e5f000000,0x0000004e5f100000]
Native frames: (J=compiled Java code, j=interpreted, Vv=VM code, C=native code)
V  [jvm.dll+0x6687ca]
V  [jvm.dll+0x7ca3c9]
V  [jvm.dll+0x7cbb53]
V  [jvm.dll+0x7cc1b3]
V  [jvm.dll+0x242ea5]
V  [jvm.dll+0xae25f]
V  [jvm.dll+0xae5ac]
V  [jvm.dll+0x10b32f]
V  [jvm.dll+0x15c6aa]
V  [jvm.dll+0x14a770]
V  [jvm.dll+0x1332e7]
V  [jvm.dll+0x132c0f]
V  [jvm.dll+0x132e49]
V  [jvm.dll+0x1322af]
V  [jvm.dll+0x134071]
V  [jvm.dll+0x2253a8]
V  [jvm.dll+0x2233ec]
V  [jvm.dll+0x780002]
V  [jvm.dll+0x779b4a]
V  [jvm.dll+0x667666]
C  [ucrtbase.dll+0x210b2]
C  [KERNEL32.DLL+0x17c24]
C  [ntdll.dll+0x6d721]


---------------  P R O C E S S  ---------------

Threads class SMR info:
_java_thread_list=0x0000019bc248d9e0, length=12, elements={
0x0000019ba48995f0, 0x0000019ba4953ce0, 0x0000019ba4956810, 0x0000019ba4965500,
0x0000019ba4965e10, 0x0000019ba4968730, 0x0000019ba4969040, 0x0000019ba496bc90,
0x0000019ba496e530, 0x0000019ba496ea90, 0x0000019bc2420780, 0x0000019bc2512920
}

Java Threads: ( => current thread )
  0x0000019ba48995f0 JavaThread "main" [_thread_in_vm, id=6648, stack(0x0000004e5e100000,0x0000004e5e200000)]
  0x0000019ba4953ce0 JavaThread "Reference Handler" daemon [_thread_blocked, id=1628, stack(0x0000004e5e900000,0x0000004e5ea00000)]
  0x0000019ba4956810 JavaThread "Finalizer" daemon [_thread_blocked, id=3436, stack(0x0000004e5ea00000,0x0000004e5eb00000)]
  0x0000019ba4965500 JavaThread "Signal Dispatcher" daemon [_thread_blocked, id=3208, stack(0x0000004e5eb00000,0x0000004e5ec00000)]
  0x0000019ba4965e10 JavaThread "Attach Listener" daemon [_thread_blocked, id=3344, stack(0x0000004e5ec00000,0x0000004e5ed00000)]
  0x0000019ba4968730 JavaThread "Service Thread" daemon [_thread_blocked, id=6436, stack(0x0000004e5ed00000,0x0000004e5ee00000)]
  0x0000019ba4969040 JavaThread "Monitor Deflation Thread" daemon [_thread_blocked, id=7128, stack(0x0000004e5ee00000,0x0000004e5ef00000)]
  0x0000019ba496bc90 JavaThread "C2 CompilerThread0" daemon [_thread_blocked, id=7140, stack(0x0000004e5ef00000,0x0000004e5f000000)]
=>0x0000019ba496e530 JavaThread "C1 CompilerThread0" daemon [_thread_in_native, id=5740, stack(0x0000004e5f000000,0x0000004e5f100000)]
  0x0000019ba496ea90 JavaThread "Sweeper thread" daemon [_thread_blocked, id=5744, stack(0x0000004e5f100000,0x0000004e5f200000)]
  0x0000019bc2420780 JavaThread "Common-Cleaner" daemon [_thread_blocked, id=900, stack(0x0000004e5f200000,0x0000004e5f300000)]
  0x0000019bc2512920 JavaThread "Notification Thread" daemon [_thread_blocked, id=6464, stack(0x0000004e5f300000,0x0000004e5f400000)]

Other Threads:
  0x0000019ba494bb50 VMThread "VM Thread" [stack: 0x0000004e5e800000,0x0000004e5e900000] [id=2124]
  0x0000019bc24bff40 WatcherThread [stack: 0x0000004e5f400000,0x0000004e5f500000] [id=2504]
  0x0000019ba48c7610 GCTaskThread "GC Thread#0" [stack: 0x0000004e5e300000,0x0000004e5e400000] [id=4272]
  0x0000019ba48d1430 ConcurrentGCThread "G1 Main Marker" [stack: 0x0000004e5e400000,0x0000004e5e500000] [id=7888]
  0x0000019ba48d3240 ConcurrentGCThread "G1 Conc#0" [stack: 0x0000004e5e500000,0x0000004e5e600000] [id=8624]
  0x0000019ba491f120 ConcurrentGCThread "G1 Refine#0" [stack: 0x0000004e5e600000,0x0000004e5e700000] [id=6400]
  0x0000019ba491fb30 ConcurrentGCThread "G1 Service" [stack: 0x0000004e5e700000,0x0000004e5e800000] [id=1516]

Threads with active compile tasks:
C1 CompilerThread0      446  189       3       java.lang.AbstractStringBuilder::append (77 bytes)

VM state: not at safepoint (normal execution)

VM Mutex/Monitor currently owned by a thread:  ([mutex/lock_event])
[0x0000019ba488a090] MetaspaceExpand_lock - owner thread: 0x0000019ba48995f0

Heap address: 0x00000000c1200000, size: 1006 MB, Compressed Oops mode: 32-bit

CDS archive(s) mapped at: [0x0000000800000000-0x0000000800bb0000-0x0000000800bb0000), size 12255232, SharedBaseAddress: 0x0000000800000000, ArchiveRelocationMode: 0.
Compressed class space mapped at: 0x0000000800c00000-0x0000000840c00000, reserved size: 1073741824
Narrow klass base: 0x0000000800000000, Narrow klass shift: 3, Narrow klass range: 0x100000000

GC Precious Log:
 CPUs: 4 total, 4 available
 Memory: 4016M
 Large Page Support: Disabled
 NUMA Support: Disabled
 Compressed Oops: Enabled (32-bit)
 Heap Region Size: 1M
 Heap Min Capacity: 8M
 Heap Initial Capacity: 64M
 Heap Max Capacity: 1006M
 Pre-touch: Disabled
 Parallel Workers: 4
 Concurrent Workers: 1
 Concurrent Refinement Workers: 4
 Periodic GC: Disabled

Heap:
 garbage-first heap   total 65536K, used 1024K [0x00000000c1200000, 0x0000000100000000)
  region size 1024K, 2 young (2048K), 0 survivors (0K)
 Metaspace       used 405K, committed 576K, reserved 1056768K
  class space    used 19K, committed 128K, reserved 1048576K

Heap Regions: E=young(eden), S=young(survivor), O=old, HS=humongous(starts), HC=humongous(continues), CS=collection set, F=free, OA=open archive, CA=closed archive, TAMS=top-at-mark-start (previous, next)
|   0|0x00000000c1200000, 0x00000000c1200000, 0x00000000c1300000|  0%| F|  |TAMS 0x00000000c1200000, 0x00000000c1200000| Untracked 
|   1|0x00000000c1300000, 0x00000000c1300000, 0x00000000c1400000|  0%| F|  |TAMS 0x00000000c1300000, 0x00000000c1300000| Untracked 
|   2|0x00000000c1400000, 0x00000000c1400000, 0x00000000c1500000|  0%| F|  |TAMS 0x00000000c1400000, 0x00000000c1400000| Untracked 
|   3|0x00000000c1500000, 0x00000000c1500000, 0x00000000c1600000|  0%| F|  |TAMS 0x00000000c1500000, 0x00000000c1500000| Untracked 
|   4|0x00000000c1600000, 0x00000000c1600000, 0x00000000c1700000|  0%| F|  |TAMS 0x00000000c1600000, 0x00000000c1600000| Untracked 
|   5|0x00000000c1700000, 0x00000000c1700000, 0x00000000c1800000|  0%| F|  |TAMS 0x00000000c1700000, 0x00000000c1700000| Untracked 
|   6|0x00000000c1800000, 0x00000000c1800000, 0x00000000c1900000|  0%| F|  |TAMS 0x00000000c1800000, 0x00000000c1800000| Untracked 
|   7|0x00000000c1900000, 0x00000000c1900000, 0x00000000c1a00000|  0%| F|  |TAMS 0x00000000c1900000, 0x00000000c1900000| Untracked 
|   8|0x00000000c1a00000, 0x00000000c1a00000, 0x00000000c1b00000|  0%| F|  |TAMS 0x00000000c1a00000, 0x00000000c1a00000| Untracked 
|   9|0x00000000c1b00000, 0x00000000c1b00000, 0x00000000c1c00000|  0%| F|  |TAMS 0x00000000c1b00000, 0x00000000c1b00000| Untracked 
|  10|0x00000000c1c00000, 0x00000000c1c00000, 0x00000000c1d00000|  0%| F|  |TAMS 0x00000000c1c00000, 0x00000000c1c00000| Untracked 
|  11|0x00000000c1d00000, 0x00000000c1d00000, 0x00000000c1e00000|  0%| F|  |TAMS 0x00000000c1d00000, 0x00000000c1d00000| Untracked 
|  12|0x00000000c1e00000, 0x00000000c1e00000, 0x00000000c1f00000|  0%| F|  |TAMS 0x00000000c1e00000, 0x00000000c1e00000| Untracked 
|  13|0x00000000c1f00000, 0x00000000c1f00000, 0x00000000c2000000|  0%| F|  |TAMS 0x00000000c1f00000, 0x00000000c1f00000| Untracked 
|  14|0x00000000c2000000, 0x00000000c2000000, 0x00000000c2100000|  0%| F|  |TAMS 0x00000000c2000000, 0x00000000c2000000| Untracked 
|  15|0x00000000c2100000, 0x00000000c2100000, 0x00000000c2200000|  0%| F|  |TAMS 0x00000000c2100000, 0x00000000c2100000| Untracked 
|  16|0x00000000c2200000, 0x00000000c2200000, 0x00000000c2300000|  0%| F|  |TAMS 0x00000000c2200000, 0x00000000c2200000| Untracked 
|  17|0x00000000c2300000, 0x00000000c2300000, 0x00000000c2400000|  0%| F|  |TAMS 0x00000000c2300000, 0x00000000c2300000| Untracked 
|  18|0x00000000c2400000, 0x00000000c2400000, 0x00000000c2500000|  0%| F|  |TAMS 0x00000000c2400000, 0x00000000c2400000| Untracked 
|  19|0x00000000c2500000, 0x00000000c2500000, 0x00000000c2600000|  0%| F|  |TAMS 0x00000000c2500000, 0x00000000c2500000| Untracked 
|  20|0x00000000c2600000, 0x00000000c2600000, 0x00000000c2700000|  0%| F|  |TAMS 0x00000000c2600000, 0x00000000c2600000| Untracked 
|  21|0x00000000c2700000, 0x00000000c2700000, 0x00000000c2800000|  0%| F|  |TAMS 0x00000000c2700000, 0x00000000c2700000| Untracked 
|  22|0x00000000c2800000, 0x00000000c2800000, 0x00000000c2900000|  0%| F|  |TAMS 0x00000000c2800000, 0x00000000c2800000| Untracked 
|  23|0x00000000c2900000, 0x00000000c2900000, 0x00000000c2a00000|  0%| F|  |TAMS 0x00000000c2900000, 0x00000000c2900000| Untracked 
|  24|0x00000000c2a00000, 0x00000000c2a00000, 0x00000000c2b00000|  0%| F|  |TAMS 0x00000000c2a00000, 0x00000000c2a00000| Untracked 
|  25|0x00000000c2b00000, 0x00000000c2b00000, 0x00000000c2c00000|  0%| F|  |TAMS 0x00000000c2b00000, 0x00000000c2b00000| Untracked 
|  26|0x00000000c2c00000, 0x00000000c2c00000, 0x00000000c2d00000|  0%| F|  |TAMS 0x00000000c2c00000, 0x00000000c2c00000| Untracked 
|  27|0x00000000c2d00000, 0x00000000c2d00000, 0x00000000c2e00000|  0%| F|  |TAMS 0x00000000c2d00000, 0x00000000c2d00000| Untracked 
|  28|0x00000000c2e00000, 0x00000000c2e00000, 0x00000000c2f00000|  0%| F|  |TAMS 0x00000000c2e00000, 0x00000000c2e00000| Untracked 
|  29|0x00000000c2f00000, 0x00000000c2f00000, 0x00000000c3000000|  0%| F|  |TAMS 0x00000000c2f00000, 0x00000000c2f00000| Untracked 
|  30|0x00000000c3000000, 0x00000000c3000000, 0x00000000c3100000|  0%| F|  |TAMS 0x00000000c3000000, 0x00000000c3000000| Untracked 
|  31|0x00000000c3100000, 0x00000000c3100000, 0x00000000c3200000|  0%| F|  |TAMS 0x00000000c3100000, 0x00000000c3100000| Untracked 
|  32|0x00000000c3200000, 0x00000000c3200000, 0x00000000c3300000|  0%| F|  |TAMS 0x00000000c3200000, 0x00000000c3200000| Untracked 
|  33|0x00000000c3300000, 0x00000000c3300000, 0x00000000c3400000|  0%| F|  |TAMS 0x00000000c3300000, 0x00000000c3300000| Untracked 
|  34|0x00000000c3400000, 0x00000000c3400000, 0x00000000c3500000|  0%| F|  |TAMS 0x00000000c3400000, 0x00000000c3400000| Untracked 
|  35|0x00000000c3500000, 0x00000000c3500000, 0x00000000c3600000|  0%| F|  |TAMS 0x00000000c3500000, 0x00000000c3500000| Untracked 
|  36|0x00000000c3600000, 0x00000000c3600000, 0x00000000c3700000|  0%| F|  |TAMS 0x00000000c3600000, 0x00000000c3600000| Untracked 
|  37|0x00000000c3700000, 0x00000000c3700000, 0x00000000c3800000|  0%| F|  |TAMS 0x00000000c3700000, 0x00000000c3700000| Untracked 
|  38|0x00000000c3800000, 0x00000000c3800000, 0x00000000c3900000|  0%| F|  |TAMS 0x00000000c3800000, 0x00000000c3800000| Untracked 
|  39|0x00000000c3900000, 0x00000000c3900000, 0x00000000c3a00000|  0%| F|  |TAMS 0x00000000c3900000, 0x00000000c3900000| Untracked 
|  40|0x00000000c3a00000, 0x00000000c3a00000, 0x00000000c3b00000|  0%| F|  |TAMS 0x00000000c3a00000, 0x00000000c3a00000| Untracked 
|  41|0x00000000c3b00000, 0x00000000c3b00000, 0x00000000c3c00000|  0%| F|  |TAMS 0x00000000c3b00000, 0x00000000c3b00000| Untracked 
|  42|0x00000000c3c00000, 0x00000000c3c00000, 0x00000000c3d00000|  0%| F|  |TAMS 0x00000000c3c00000, 0x00000000c3c00000| Untracked 
|  43|0x00000000c3d00000, 0x00000000c3d00000, 0x00000000c3e00000|  0%| F|  |TAMS 0x00000000c3d00000, 0x00000000c3d00000| Untracked 
|  44|0x00000000c3e00000, 0x00000000c3e00000, 0x00000000c3f00000|  0%| F|  |TAMS 0x00000000c3e00000, 0x00000000c3e00000| Untracked 
|  45|0x00000000c3f00000, 0x00000000c3f00000, 0x00000000c4000000|  0%| F|  |TAMS 0x00000000c3f00000, 0x00000000c3f00000| Untracked 
|  46|0x00000000c4000000, 0x00000000c4000000, 0x00000000c4100000|  0%| F|  |TAMS 0x00000000c4000000, 0x00000000c4000000| Untracked 
|  47|0x00000000c4100000, 0x00000000c4100000, 0x00000000c4200000|  0%| F|  |TAMS 0x00000000c4100000, 0x00000000c4100000| Untracked 
|  48|0x00000000c4200000, 0x00000000c4200000, 0x00000000c4300000|  0%| F|  |TAMS 0x00000000c4200000, 0x00000000c4200000| Untracked 
|  49|0x00000000c4300000, 0x00000000c4300000, 0x00000000c4400000|  0%| F|  |TAMS 0x00000000c4300000, 0x00000000c4300000| Untracked 
|  50|0x00000000c4400000, 0x00000000c4400000, 0x00000000c4500000|  0%| F|  |TAMS 0x00000000c4400000, 0x00000000c4400000| Untracked 
|  51|0x00000000c4500000, 0x00000000c4500000, 0x00000000c4600000|  0%| F|  |TAMS 0x00000000c4500000, 0x00000000c4500000| Untracked 
|  52|0x00000000c4600000, 0x00000000c4600000, 0x00000000c4700000|  0%| F|  |TAMS 0x00000000c4600000, 0x00000000c4600000| Untracked 
|  53|0x00000000c4700000, 0x00000000c4700000, 0x00000000c4800000|  0%| F|  |TAMS 0x00000000c4700000, 0x00000000c4700000| Untracked 
|  54|0x00000000c4800000, 0x00000000c4800000, 0x00000000c4900000|  0%| F|  |TAMS 0x00000000c4800000, 0x00000000c4800000| Untracked 
|  55|0x00000000c4900000, 0x00000000c4900000, 0x00000000c4a00000|  0%| F|  |TAMS 0x00000000c4900000, 0x00000000c4900000| Untracked 
|  56|0x00000000c4a00000, 0x00000000c4a00000, 0x00000000c4b00000|  0%| F|  |TAMS 0x00000000c4a00000, 0x00000000c4a00000| Untracked 
|  57|0x00000000c4b00000, 0x00000000c4b00000, 0x00000000c4c00000|  0%| F|  |TAMS 0x00000000c4b00000, 0x00000000c4b00000| Untracked 
|  58|0x00000000c4c00000, 0x00000000c4c00000, 0x00000000c4d00000|  0%| F|  |TAMS 0x00000000c4c00000, 0x00000000c4c00000| Untracked 
|  59|0x00000000c4d00000, 0x00000000c4d00000, 0x00000000c4e00000|  0%| F|  |TAMS 0x00000000c4d00000, 0x00000000c4d00000| Untracked 
|  60|0x00000000c4e00000, 0x00000000c4e00000, 0x00000000c4f00000|  0%| F|  |TAMS 0x00000000c4e00000, 0x00000000c4e00000| Untracked 
|  61|0x00000000c4f00000, 0x00000000c4f00000, 0x00000000c5000000|  0%| F|  |TAMS 0x00000000c4f00000, 0x00000000c4f00000| Untracked 
|  62|0x00000000c5000000, 0x00000000c50d65e0, 0x00000000c5100000| 83%| E|  |TAMS 0x00000000c5000000, 0x00000000c5000000| Complete 
|  63|0x00000000c5100000, 0x00000000c5200000, 0x00000000c5200000|100%| E|CS|TAMS 0x00000000c5100000, 0x00000000c5100000| Complete 

Card table byte_map: [0x0000019bbd030000,0x0000019bbd230000] _byte_map_base: 0x0000019bbca27000

Marking Bits (Prev, Next): (CMBitMap*) 0x0000019ba48c8c20, (CMBitMap*) 0x0000019ba48c8c60
 Prev Bits: [0x0000019bbd430000, 0x0000019bbe3e8000)
 Next Bits: [0x0000019bbe3f0000, 0x0000019bbf3a8000)

Polling page: 0x0000019ba4640000

Metaspace:

Usage:
  Non-class:    385.16 KB used.
      Class:     19.90 KB used.
       Both:    405.06 KB used.

Virtual space:
  Non-class space:        8.00 MB reserved,     448.00 KB (  5%) committed,  1 nodes.
      Class space:        1.00 GB reserved,     128.00 KB ( <1%) committed,  1 nodes.
              Both:        1.01 GB reserved,     576.00 KB ( <1%) committed. 

Chunk freelists:
   Non-Class:  4.00 MB
       Class:  3.75 MB
        Both:  7.75 MB

MaxMetaspaceSize: 17179869184.00 GB
CompressedClassSpaceSize: 1.00 GB
 - commit_granule_bytes: 65536.
 - commit_granule_words: 8192.
 - virtual_space_node_default_size: 1048576.
 - enlarge_chunks_in_place: 1.
 - new_chunks_are_fully_committed: 0.
 - uncommit_free_chunks: 1.
 - use_allocation_guard: 0.
 - handle_deallocations: 1.


Internal statistics:

num_allocs_failed_limit: 0.
num_arena_births: 4.
num_arena_deaths: 0.
num_vsnodes_births: 2.
num_vsnodes_deaths: 0.
num_space_committed: 9.
num_space_uncommitted: 0.
num_chunks_returned_to_freelist: 0.
num_chunks_taken_from_freelist: 5.
num_chunk_merges: 0.
num_chunk_splits: 2.
num_chunks_enlarged: 1.
num_purges: 0.

CodeHeap 'non-profiled nmethods': size=120000Kb used=62Kb max_used=62Kb free=119937Kb
 bounds [0x0000019bb52e0000, 0x0000019bb5550000, 0x0000019bbc810000]
CodeHeap 'profiled nmethods': size=120000Kb used=197Kb max_used=197Kb free=119802Kb
 bounds [0x0000019baddb0000, 0x0000019bae020000, 0x0000019bb52e0000]
CodeHeap 'non-nmethods': size=5760Kb used=1109Kb max_used=1121Kb free=4650Kb
 bounds [0x0000019bad810000, 0x0000019bada80000, 0x0000019baddb0000]
 total_blobs=569 nmethods=188 adapters=294
 compilation: enabled
              stopped_count=0, restarted_count=0
 full_count=0

Compilation events (20 events):
Event: 0.343 Thread 0x0000019ba496e530 nmethod 179 0x0000019badddf390 code [0x0000019badddf600, 0x0000019badddff38]
Event: 0.343 Thread 0x0000019ba496e530  181       3       java.util.HashSet::<init> (16 bytes)
Event: 0.343 Thread 0x0000019ba496e530 nmethod 181 0x0000019badde0290 code [0x0000019badde0460, 0x0000019badde0878]
Event: 0.343 Thread 0x0000019ba496e530  180       1       java.lang.module.ModuleDescriptor$Version::toString (5 bytes)
Event: 0.343 Thread 0x0000019ba496e530 nmethod 180 0x0000019bb52ed490 code [0x0000019bb52ed620, 0x0000019bb52ed6f8]
Event: 0.345 Thread 0x0000019ba496e530  182       1       java.lang.module.ResolvedModule::configuration (5 bytes)
Event: 0.345 Thread 0x0000019ba496e530 nmethod 182 0x0000019bb52ed790 code [0x0000019bb52ed920, 0x0000019bb52ed9f8]
Event: 0.345 Thread 0x0000019ba496e530  184       3       java.lang.module.ResolvedModule::name (11 bytes)
Event: 0.345 Thread 0x0000019ba496e530 nmethod 184 0x0000019badde0a10 code [0x0000019badde0bc0, 0x0000019badde0d18]
Event: 0.345 Thread 0x0000019ba496e530  183       1       java.lang.module.ModuleDescriptor::isOpen (5 bytes)
Event: 0.345 Thread 0x0000019ba496e530 nmethod 183 0x0000019bb52eda90 code [0x0000019bb52edc20, 0x0000019bb52edcf8]
Event: 0.345 Thread 0x0000019ba496e530  185       1       java.util.HashMap::size (5 bytes)
Event: 0.346 Thread 0x0000019ba496e530 nmethod 185 0x0000019bb52edd90 code [0x0000019bb52edf20, 0x0000019bb52edff8]
Event: 0.346 Thread 0x0000019ba496e530  186       1       java.lang.module.ModuleDescriptor$Provides::service (5 bytes)
Event: 0.346 Thread 0x0000019ba496e530 nmethod 186 0x0000019bb52ee090 code [0x0000019bb52ee220, 0x0000019bb52ee2f8]
Event: 0.349 Thread 0x0000019ba496e530  187       3       java.lang.Math::max (11 bytes)
Event: 0.350 Thread 0x0000019ba496e530 nmethod 187 0x0000019badde0e10 code [0x0000019badde0fa0, 0x0000019badde10d8]
Event: 0.351 Thread 0x0000019ba496e530  188       3       java.lang.StringBuilder::append (8 bytes)
Event: 0.351 Thread 0x0000019ba496e530 nmethod 188 0x0000019badde1190 code [0x0000019badde1340, 0x0000019badde1488]
Event: 0.351 Thread 0x0000019ba496e530  189       3       java.lang.AbstractStringBuilder::append (77 bytes)

GC Heap History (0 events):
No events

Deoptimization events (0 events):
No events

Classes unloaded (0 events):
No events

Classes redefined (0 events):
No events

Internal exceptions (3 events):
Event: 0.232 Thread 0x0000019ba48995f0 Exception <a 'sun/nio/fs/WindowsException'{0x00000000c502f290}> (0x00000000c502f290) 
thrown [t:\workspace\open\src\hotspot\share\prims\jni.cpp, line 579]
Event: 0.232 Thread 0x0000019ba48995f0 Exception <a 'sun/nio/fs/WindowsException'{0x00000000c502f7b0}> (0x00000000c502f7b0) 
thrown [t:\workspace\open\src\hotspot\share\prims\jni.cpp, line 579]
Event: 0.236 Thread 0x0000019ba48995f0 Exception <a 'sun/nio/fs/WindowsException'{0x00000000c50319f8}> (0x00000000c50319f8) 
thrown [t:\workspace\open\src\hotspot\share\prims\jni.cpp, line 579]

Events (20 events):
Event: 0.234 loading class java/io/IOException done
Event: 0.234 loading class java/nio/file/FileSystemException done
Event: 0.234 loading class java/nio/file/NoSuchFileException done
Event: 0.234 loading class java/nio/file/Files$AcceptAllFilter
Event: 0.234 loading class java/nio/file/DirectoryStream$Filter
Event: 0.234 loading class java/nio/file/DirectoryStream$Filter done
Event: 0.234 loading class java/nio/file/Files$AcceptAllFilter done
Event: 0.234 loading class sun/nio/fs/WindowsDirectoryStream$WindowsDirectoryIterator
Event: 0.234 loading class sun/nio/fs/WindowsDirectoryStream$WindowsDirectoryIterator done
Event: 0.235 loading class sun/nio/fs/WindowsPath$WindowsPathWithAttributes
Event: 0.235 loading class sun/nio/fs/BasicFileAttributesHolder
Event: 0.235 loading class sun/nio/fs/BasicFileAttributesHolder done
Event: 0.235 loading class sun/nio/fs/WindowsPath$WindowsPathWithAttributes done
Event: 0.236 loading class java/nio/file/attribute/FileAttribute
Event: 0.236 loading class java/nio/file/attribute/FileAttribute done
Event: 0.236 loading class sun/nio/fs/WindowsSecurityDescriptor
Event: 0.236 loading class sun/nio/fs/WindowsSecurityDescriptor done
Event: 0.240 Executing  VM operation: HandshakeAllThreads
Event: 0.240 Executing  VM operation: HandshakeAllThreads done
Event: 0.346 Thread 0x0000019bc2512920 Thread added: 0x0000019bc2512920


Dynamic libraries:
0x00007ff6d2fe0000 - 0x00007ff6d2ff0000 	C:\Program Files\Java\jdk-16.0.1\bin\java.exe
0x00007ffed15e0000 - 0x00007ffed17d0000 	C:\WINDOWS\SYSTEM32\ntdll.dll
0x00007ffecf770000 - 0x00007ffecf822000 	C:\WINDOWS\System32\KERNEL32.DLL
0x00007ffece890000 - 0x00007ffeceb35000 	C:\WINDOWS\System32\KERNELBASE.dll
0x00007ffecf500000 - 0x00007ffecf5fa000 	C:\WINDOWS\System32\ucrtbase.dll
0x00007ffec1a70000 - 0x00007ffec1a88000 	C:\Program Files\Java\jdk-16.0.1\bin\jli.dll
0x00007ffed14e0000 - 0x00007ffed1583000 	C:\WINDOWS\System32\ADVAPI32.dll
0x00007ffed0ac0000 - 0x00007ffed0b5e000 	C:\WINDOWS\System32\msvcrt.dll
0x00007ffed13e0000 - 0x00007ffed1477000 	C:\WINDOWS\System32\sechost.dll
0x00007ffecfe00000 - 0x00007ffecff1f000 	C:\WINDOWS\System32\RPCRT4.dll
0x00007ffecfad0000 - 0x00007ffecfc64000 	C:\WINDOWS\System32\USER32.dll
0x00007ffece550000 - 0x00007ffece571000 	C:\WINDOWS\System32\win32u.dll
0x00007ffecfdc0000 - 0x00007ffecfde6000 	C:\WINDOWS\System32\GDI32.dll
0x00007ffecf360000 - 0x00007ffecf4f8000 	C:\WINDOWS\System32\gdi32full.dll
0x00007ffecf2c0000 - 0x00007ffecf35e000 	C:\WINDOWS\System32\msvcp_win.dll
0x00007ffec92e0000 - 0x00007ffec92f9000 	C:\Program Files\Java\jdk-16.0.1\bin\VCRUNTIME140.dll
0x00007ffebc840000 - 0x00007ffebcac4000 	C:\WINDOWS\WinSxS\amd64_microsoft.windows.common-controls_6595b64144ccf1df_6.0.18362.1556_none_9e7e372fe45e41d5\COMCTL32.dll
0x00007ffed0c30000 - 0x00007ffed0f66000 	C:\WINDOWS\System32\combase.dll
0x00007ffecf600000 - 0x00007ffecf681000 	C:\WINDOWS\System32\bcryptPrimitives.dll
0x00007ffec6ab0000 - 0x00007ffec6aba000 	C:\WINDOWS\SYSTEM32\VERSION.dll
0x00007ffed0a90000 - 0x00007ffed0abe000 	C:\WINDOWS\System32\IMM32.DLL
0x00007ffecc120000 - 0x00007ffecc12c000 	C:\Program Files\Java\jdk-16.0.1\bin\vcruntime140_1.dll
0x00007ffec10e0000 - 0x00007ffec1171000 	C:\Program Files\Java\jdk-16.0.1\bin\msvcp140.dll
0x00007ffea9080000 - 0x00007ffea9c2b000 	C:\Program Files\Java\jdk-16.0.1\bin\server\jvm.dll
0x00007ffed0a80000 - 0x00007ffed0a88000 	C:\WINDOWS\System32\PSAPI.DLL
0x00007ffecc130000 - 0x00007ffecc139000 	C:\WINDOWS\SYSTEM32\WSOCK32.dll
0x00007ffecfc70000 - 0x00007ffecfcdf000 	C:\WINDOWS\System32\WS2_32.dll
0x00007ffecc050000 - 0x00007ffecc074000 	C:\WINDOWS\SYSTEM32\WINMM.dll
0x00007ffecc020000 - 0x00007ffecc04d000 	C:\WINDOWS\SYSTEM32\WINMMBASE.dll
0x00007ffece580000 - 0x00007ffece5ca000 	C:\WINDOWS\System32\cfgmgr32.dll
0x00007ffece4c0000 - 0x00007ffece4d1000 	C:\WINDOWS\System32\kernel.appcore.dll
0x00007ffec92d0000 - 0x00007ffec92da000 	C:\Program Files\Java\jdk-16.0.1\bin\jimage.dll
0x00007ffeb92e0000 - 0x00007ffeb94d4000 	C:\WINDOWS\SYSTEM32\DBGHELP.DLL
0x00007ffeb92b0000 - 0x00007ffeb92da000 	C:\WINDOWS\SYSTEM32\dbgcore.DLL
0x00007ffec5ed0000 - 0x00007ffec5ef5000 	C:\Program Files\Java\jdk-16.0.1\bin\java.dll
0x00007ffed0060000 - 0x00007ffed0747000 	C:\WINDOWS\System32\SHELL32.dll
0x00007ffecff40000 - 0x00007ffecffe8000 	C:\WINDOWS\System32\shcore.dll
0x00007ffeceb40000 - 0x00007ffecf2bb000 	C:\WINDOWS\System32\windows.storage.dll
0x00007ffece530000 - 0x00007ffece54e000 	C:\WINDOWS\System32\profapi.dll
0x00007ffece4e0000 - 0x00007ffece52a000 	C:\WINDOWS\System32\powrprof.dll
0x00007ffece490000 - 0x00007ffece4a0000 	C:\WINDOWS\System32\UMPDC.dll
0x00007ffecfce0000 - 0x00007ffecfd32000 	C:\WINDOWS\System32\shlwapi.dll
0x00007ffece840000 - 0x00007ffece857000 	C:\WINDOWS\System32\cryptsp.dll
0x00007ffec89a0000 - 0x00007ffec89b9000 	C:\Program Files\Java\jdk-16.0.1\bin\net.dll
0x00007ffec7a80000 - 0x00007ffec7b7a000 	C:\WINDOWS\SYSTEM32\WINHTTP.dll
0x00007ffecdc70000 - 0x00007ffecdcd7000 	C:\WINDOWS\system32\mswsock.dll
0x00007ffec6450000 - 0x00007ffec6463000 	C:\Program Files\Java\jdk-16.0.1\bin\nio.dll
0x00007ffec1bf0000 - 0x00007ffec1c08000 	C:\Program Files\Java\jdk-16.0.1\bin\zip.dll

dbghelp: loaded successfully - version: 4.0.5 - missing functions: none
symbol engine: initialized successfully - sym options: 0x614 - pdb path: .;C:\Program Files\Java\jdk-16.0.1\bin;C:\WINDOWS\SYSTEM32;C:\WINDOWS\WinSxS\amd64_microsoft.windows.common-controls_6595b64144ccf1df_6.0.18362.1556_none_9e7e372fe45e41d5;C:\Program Files\Java\jdk-16.0.1\bin\server

VM Arguments:
jvm_args: -Dfile.encoding=UTF-8 --module-path=D:\Development\Netbeans\Library Management System\build\classes 
java_command: library.MainLibrary
java_class_path (initial): C:\oraclexe\app\oracle\product\10.2.0\server\jdbc\lib\ojdbc14.jar;C:\Program Files\Java\rs2xml.jar;D:\Development\Netbeans\Library Management System\build\classes
Launcher Type: SUN_STANDARD

[Global flags]
     intx CICompilerCount                          = 3                                         {product} {ergonomic}
     uint ConcGCThreads                            = 1                                         {product} {ergonomic}
     uint G1ConcRefinementThreads                  = 4                                         {product} {ergonomic}
   size_t G1HeapRegionSize                         = 1048576                                   {product} {ergonomic}
    uintx GCDrainStackTargetSize                   = 64                                        {product} {ergonomic}
   size_t InitialHeapSize                          = 67108864                                  {product} {ergonomic}
   size_t MarkStackSize                            = 4194304                                   {product} {ergonomic}
   size_t MaxHeapSize                              = 1054867456                                {product} {ergonomic}
   size_t MaxNewSize                               = 632291328                                 {product} {ergonomic}
   size_t MinHeapDeltaBytes                        = 1048576                                   {product} {ergonomic}
   size_t MinHeapSize                              = 8388608                                   {product} {ergonomic}
    uintx NonNMethodCodeHeapSize                   = 5832780                                {pd product} {ergonomic}
    uintx NonProfiledCodeHeapSize                  = 122912730                              {pd product} {ergonomic}
    uintx ProfiledCodeHeapSize                     = 122912730                              {pd product} {ergonomic}
    uintx ReservedCodeCacheSize                    = 251658240                              {pd product} {ergonomic}
     bool SegmentedCodeCache                       = true                                      {product} {ergonomic}
   size_t SoftMaxHeapSize                          = 1054867456                             {manageable} {ergonomic}
     bool UseCompressedClassPointers               = true                           {product lp64_product} {ergonomic}
     bool UseCompressedOops                        = true                           {product lp64_product} {ergonomic}
     bool UseG1GC                                  = true                                      {product} {ergonomic}
     bool UseLargePagesIndividualAllocation        = false                                  {pd product} {ergonomic}

Logging:
Log output configuration:
 #0: stdout all=warning uptime,level,tags
 #1: stderr all=off uptime,level,tags

Environment Variables:
PATH=C:\Program Files\Common Files\Oracle\Java\javapath;C:\oraclexe\app\oracle\product\10.2.0\server\bin;C:\Oracle\app\oracle\product\10.2.0\server\bin;C:\WINDOWS\system32;C:\WINDOWS;C:\WINDOWS\System32\Wbem;C:\WINDOWS\System32\WindowsPowerShell\v1.0\;C:\WINDOWS\System32\OpenSSH\;C:\Program Files\CodeBlocks\MinGW\bin;C:\Program Files\Java\jdk-16.0.1\bin;C:\Users\Alien\AppData\Local\Programs\Python\Python37\Scripts\;C:\Users\Alien\AppData\Local\Programs\Python\Python37\;C:\Users\Alien\AppData\Local\Microsoft\WindowsApps;C:\Users\Alien\AppData\Local\Programs\Microsoft VS Code\bin;
USERNAME=Alien
OS=Windows_NT
PROCESSOR_IDENTIFIER=Intel64 Family 6 Model 61 Stepping 4, GenuineIntel



---------------  S Y S T E M  ---------------

OS:
 Windows 10 , 64 bit Build 18362 (10.0.18362.1500)
OS uptime: 0 days 2:47 hours

CPU: total 4 (initial active 4) (2 cores per cpu, 2 threads per core) family 6 model 61 stepping 4 microcode 0x2f, cx8, cmov, fxsr, ht, mmx, 3dnowpref, sse, sse2, sse3, ssse3, sse4.1, sse4.2, popcnt, lzcnt, tsc, tscinvbit, avx, avx2, aes, erms, clmul, bmi1, bmi2, adx, fma, vzeroupper, clflush

Memory: 4k page, system-wide physical 4016M (783M free)
TotalPageFile size 4016M (AvailPageFile size 79M)
current process WorkingSet (physical memory assigned to process): 30M, peak: 30M
current process commit charge ("private bytes"): 135M, peak: 135M

vm_info: Java HotSpot(TM) 64-Bit Server VM (16.0.1+9-24) for windows-amd64 JRE (16.0.1+9-24), built on Mar 26 2021 19:31:42 by "mach5one" with MS VC++ 16.7 (VS2019)

END.
